2026-04-12 18:06:06 | INFO | pocket_attorney_rag | Logger initialized
2026-04-12 18:06:45 | INFO | pocket_attorney_rag | Logger initialized
2026-04-12 18:07:42 | INFO | pocket_attorney_rag | Logger initialized
2026-04-12 18:07:42 | INFO | pocket_attorney_rag | Pocket Attorney RAG System API is running
2026-04-12 18:11:54 | INFO | pocket_attorney_rag | Pocket Attorney RAG System API is shutting down
2026-04-12 18:15:38 | INFO | pocket_attorney_rag | Logger initialized
2026-04-12 18:15:38 | INFO | pocket_attorney_rag | Pocket Attorney RAG System API is running
2026-04-12 18:16:35 | INFO | pocket_attorney_rag | Pocket Attorney RAG System API is shutting down
2026-04-12 18:16:39 | INFO | pocket_attorney_rag | Logger initialized
2026-04-12 18:16:39 | INFO | pocket_attorney_rag | Pocket Attorney RAG System API is running
2026-04-12 18:16:45 | INFO | pocket_attorney_rag | Pocket Attorney RAG System API is shutting down
2026-04-12 18:16:50 | INFO | pocket_attorney_rag | Logger initialized
2026-04-12 18:16:50 | INFO | pocket_attorney_rag | Pocket Attorney RAG System API is running
2026-04-12 18:17:19 | INFO | pocket_attorney_rag | Pocket Attorney RAG System API is shutting down
2026-04-12 18:17:23 | INFO | pocket_attorney_rag | Logger initialized
2026-04-12 18:17:23 | INFO | pocket_attorney_rag | Pocket Attorney RAG System API is running
2026-04-12 18:19:46 | INFO | pocket_attorney_rag | Pocket Attorney RAG System API is shutting down
2026-04-12 18:19:50 | INFO | pocket_attorney_rag | Logger initialized
2026-04-12 18:19:50 | INFO | pocket_attorney_rag | Pocket Attorney RAG System API is running
2026-04-12 18:20:10 | INFO | pocket_attorney_rag | Upload file bd-constitution.pdf
2026-04-14 23:00:08 | INFO | pocket_attorney_rag | Logger initialized
2026-04-14 23:00:08 | INFO | pocket_attorney_rag | Pocket Attorney RAG System API is running
2026-04-14 23:00:52 | INFO | pocket_attorney_rag | Pocket Attorney RAG System API is shutting down
2026-04-14 23:00:56 | INFO | pocket_attorney_rag | Logger initialized
2026-04-14 23:00:56 | INFO | pocket_attorney_rag | Pocket Attorney RAG System API is running
2026-04-14 23:02:55 | INFO | pocket_attorney_rag | Pocket Attorney RAG System API is shutting down
2026-04-14 23:04:28 | INFO | pocket_attorney_rag | Logger initialized
2026-04-14 23:04:28 | INFO | pocket_attorney_rag | Pocket Attorney RAG System API is running
2026-04-14 23:07:44 | INFO | pocket_attorney_rag | Pocket Attorney RAG System API is shutting down
2026-04-14 23:07:49 | INFO | pocket_attorney_rag | Logger initialized
2026-04-14 23:07:49 | INFO | pocket_attorney_rag | Pocket Attorney RAG System API is running
2026-04-14 23:08:58 | INFO | pocket_attorney_rag | Pocket Attorney RAG System API is shutting down
2026-04-14 23:09:02 | INFO | pocket_attorney_rag | Logger initialized
2026-04-14 23:09:02 | INFO | pocket_attorney_rag | Pocket Attorney RAG System API is running
2026-04-14 23:15:01 | INFO | pocket_attorney_rag | Pocket Attorney RAG System API is shutting down
2026-04-14 23:15:04 | INFO | pocket_attorney_rag | Logger initialized
2026-04-14 23:15:04 | INFO | pocket_attorney_rag | Pocket Attorney RAG System API is running
2026-04-14 23:15:10 | INFO | pocket_attorney_rag | Pocket Attorney RAG System API is shutting down
2026-04-14 23:15:12 | INFO | pocket_attorney_rag | Logger initialized
2026-04-14 23:15:12 | INFO | pocket_attorney_rag | Pocket Attorney RAG System API is running
2026-04-14 23:17:38 | INFO | pocket_attorney_rag | Pocket Attorney RAG System API is shutting down
2026-04-14 23:17:42 | INFO | pocket_attorney_rag | Logger initialized
2026-04-14 23:17:42 | INFO | pocket_attorney_rag | Pocket Attorney RAG System API is running
2026-04-14 23:21:51 | INFO | pocket_attorney_rag | Pocket Attorney RAG System API is shutting down
2026-04-14 23:21:54 | INFO | pocket_attorney_rag | Logger initialized
2026-04-14 23:21:54 | INFO | pocket_attorney_rag | Pocket Attorney RAG System API is running
2026-04-14 23:23:39 | INFO | pocket_attorney_rag | Pocket Attorney RAG System API is shutting down
2026-04-14 23:23:42 | INFO | pocket_attorney_rag | Logger initialized
2026-04-14 23:23:42 | INFO | pocket_attorney_rag | Pocket Attorney RAG System API is running
2026-04-14 23:29:57 | INFO | pocket_attorney_rag | Pocket Attorney RAG System API is shutting down
2026-04-14 23:30:01 | INFO | pocket_attorney_rag | Logger initialized
2026-04-14 23:30:01 | INFO | pocket_attorney_rag | Pocket Attorney RAG System API is running
2026-04-14 23:30:08 | INFO | pocket_attorney_rag | Pocket Attorney RAG System API is shutting down
2026-04-14 23:30:12 | INFO | pocket_attorney_rag | Logger initialized
2026-04-14 23:30:12 | INFO | pocket_attorney_rag | Pocket Attorney RAG System API is running
2026-04-14 23:30:57 | INFO | pocket_attorney_rag | Pocket Attorney RAG System API is shutting down
2026-04-14 23:31:01 | INFO | pocket_attorney_rag | Logger initialized
2026-04-14 23:31:01 | INFO | pocket_attorney_rag | Pocket Attorney RAG System API is running
2026-04-14 23:31:02 | INFO | pocket_attorney_rag | Pocket Attorney RAG System API is shutting down
2026-04-14 23:31:07 | INFO | pocket_attorney_rag | Logger initialized
2026-04-14 23:31:07 | INFO | pocket_attorney_rag | Pocket Attorney RAG System API is running
2026-04-14 23:35:21 | INFO | pocket_attorney_rag | Pocket Attorney RAG System API is shutting down
2026-04-14 23:35:24 | INFO | pocket_attorney_rag | Logger initialized
2026-04-14 23:35:24 | INFO | pocket_attorney_rag | Pocket Attorney RAG System API is running
2026-04-14 23:36:30 | INFO | pocket_attorney_rag | Pocket Attorney RAG System API is shutting down
2026-04-14 23:36:35 | INFO | pocket_attorney_rag | Logger initialized
2026-04-14 23:36:35 | INFO | pocket_attorney_rag | Pocket Attorney RAG System API is running
2026-04-14 23:40:11 | INFO | pocket_attorney_rag | Pocket Attorney RAG System API is shutting down
2026-04-14 23:40:16 | INFO | pocket_attorney_rag | Logger initialized
2026-04-14 23:40:16 | INFO | pocket_attorney_rag | Pocket Attorney RAG System API is running
2026-04-14 23:45:25 | INFO | pocket_attorney_rag | Pocket Attorney RAG System API is shutting down
2026-04-14 23:45:31 | INFO | pocket_attorney_rag | Logger initialized
2026-04-14 23:45:31 | INFO | pocket_attorney_rag | Pocket Attorney RAG System API is running
2026-04-14 23:48:13 | INFO | pocket_attorney_rag | Pocket Attorney RAG System API is shutting down
2026-04-14 23:48:17 | INFO | pocket_attorney_rag | Logger initialized
2026-04-14 23:48:17 | INFO | pocket_attorney_rag | Pocket Attorney RAG System API is running
2026-04-14 23:48:22 | INFO | pocket_attorney_rag | Pocket Attorney RAG System API is shutting down
2026-04-14 23:48:25 | INFO | pocket_attorney_rag | Logger initialized
2026-04-14 23:48:25 | INFO | pocket_attorney_rag | Pocket Attorney RAG System API is running
2026-04-14 23:48:28 | INFO | pocket_attorney_rag | Pocket Attorney RAG System API is shutting down
2026-04-14 23:48:33 | INFO | pocket_attorney_rag | Logger initialized
2026-04-14 23:48:33 | INFO | pocket_attorney_rag | Pocket Attorney RAG System API is running
2026-04-14 23:50:54 | INFO | pocket_attorney_rag | Pocket Attorney RAG System API is shutting down
2026-04-14 23:50:57 | INFO | pocket_attorney_rag | Logger initialized
2026-04-14 23:50:57 | INFO | pocket_attorney_rag | Pocket Attorney RAG System API is running
2026-04-14 23:51:05 | INFO | pocket_attorney_rag | Logger initialized
2026-04-14 23:51:05 | INFO | pocket_attorney_rag | Pocket Attorney RAG System API is running
2026-04-14 23:52:14 | INFO | pocket_attorney_rag | Pocket Attorney RAG System API is shutting down
2026-04-14 23:52:17 | INFO | pocket_attorney_rag | Logger initialized
2026-04-14 23:52:17 | INFO | pocket_attorney_rag | Pocket Attorney RAG System API is running
2026-04-14 23:52:54 | INFO | pocket_attorney_rag | Pocket Attorney RAG System API is shutting down
2026-04-14 23:52:57 | INFO | pocket_attorney_rag | Logger initialized
2026-04-14 23:52:57 | INFO | pocket_attorney_rag | Pocket Attorney RAG System API is running
2026-04-15 00:09:38 | INFO | pocket_attorney_rag | Pocket Attorney RAG System API is shutting down
2026-04-15 20:29:06 | INFO | pocket_attorney_rag | Logger initialized
2026-04-15 20:29:06 | INFO | pocket_attorney_rag | Pocket Attorney RAG System API is running
2026-04-15 20:29:20 | INFO | pocket_attorney_rag | Upload file constitution-part.pdf
2026-04-15 20:33:33 | INFO | pocket_attorney_rag | Pocket Attorney RAG System API is shutting down
2026-04-15 20:33:37 | INFO | pocket_attorney_rag | Logger initialized
2026-04-15 20:33:37 | INFO | pocket_attorney_rag | Pocket Attorney RAG System API is running
2026-04-15 20:40:41 | INFO | pocket_attorney_rag | Pocket Attorney RAG System API is shutting down
2026-04-15 20:40:45 | INFO | pocket_attorney_rag | Logger initialized
2026-04-15 20:40:45 | INFO | pocket_attorney_rag | RAG System API starting
2026-04-15 20:40:45 | INFO | pocket_attorney_rag | Pocket Attorney RAG System API is running
2026-04-15 20:40:45 | INFO | pocket_attorney_rag | Initializing necessary things
2026-04-15 20:40:50 | INFO | pocket_attorney_rag | Pocket Attorney RAG System API is shutting down
2026-04-15 20:40:50 | INFO | pocket_attorney_rag | Clean up complete. Uptime: 5.36s
2026-04-15 20:40:55 | INFO | pocket_attorney_rag | Logger initialized
2026-04-15 20:40:55 | INFO | pocket_attorney_rag | RAG System API starting
2026-04-15 20:40:55 | INFO | pocket_attorney_rag | Pocket Attorney RAG System API is running
2026-04-15 20:40:55 | INFO | pocket_attorney_rag | Initializing necessary things
2026-04-15 20:41:59 | INFO | pocket_attorney_rag | Pocket Attorney RAG System API is shutting down
2026-04-15 20:41:59 | INFO | pocket_attorney_rag | Clean up complete. Uptime: 63.55s
2026-04-15 20:42:03 | INFO | pocket_attorney_rag | Logger initialized
2026-04-15 20:42:03 | INFO | pocket_attorney_rag | RAG System API starting
2026-04-15 20:42:03 | INFO | pocket_attorney_rag | Pocket Attorney RAG System API is running
2026-04-15 20:42:03 | INFO | pocket_attorney_rag | Initializing necessary things
2026-04-15 20:42:48 | INFO | pocket_attorney_rag | Pocket Attorney RAG System API is shutting down
2026-04-15 20:42:48 | INFO | pocket_attorney_rag | Clean up complete. Uptime: 45.06s
2026-04-15 20:42:51 | INFO | pocket_attorney_rag | Logger initialized
2026-04-15 20:42:51 | INFO | pocket_attorney_rag | Pocket Attorney System API starting
2026-04-15 20:42:51 | INFO | pocket_attorney_rag | Pocket Attorney RAG System API is running
2026-04-15 20:42:51 | INFO | pocket_attorney_rag | Initializing necessary things
2026-04-15 20:44:04 | INFO | pocket_attorney_rag | Pocket Attorney RAG System API is shutting down
2026-04-15 20:44:04 | INFO | pocket_attorney_rag | Clean up complete. Uptime: 72.16s
2026-04-15 21:00:15 | INFO | pocket_attorney_rag | Logger initialized
2026-04-15 21:00:15 | INFO | pocket_attorney_rag | Pocket Attorney System API starting
2026-04-15 21:00:15 | INFO | pocket_attorney_rag | Pocket Attorney RAG System API is running
2026-04-15 21:00:15 | INFO | pocket_attorney_rag | Initializing necessary things
2026-04-15 21:00:25 | INFO | pocket_attorney_rag | Upload file constitution-part.pdf
2026-04-15 21:05:54 | INFO | pocket_attorney_rag | Pocket Attorney RAG System API is shutting down
2026-04-15 21:05:54 | INFO | pocket_attorney_rag | Clean up complete. Uptime: 338.53s
2026-04-15 21:05:59 | INFO | pocket_attorney_rag | Logger initialized
2026-04-15 21:05:59 | INFO | pocket_attorney_rag | Pocket Attorney System API starting
2026-04-15 21:05:59 | INFO | pocket_attorney_rag | Pocket Attorney RAG System API is running
2026-04-15 21:05:59 | INFO | pocket_attorney_rag | Initializing necessary things
2026-04-15 21:06:09 | INFO | pocket_attorney_rag | Upload file constitution-part.pdf
2026-04-15 21:06:20 | INFO | pocket_attorney_rag | Upload file constitution.pdf
2026-04-15 21:10:23 | INFO | pocket_attorney_rag | Pocket Attorney RAG System API is shutting down
2026-04-15 21:10:23 | INFO | pocket_attorney_rag | Clean up complete. Uptime: 264.48s
2026-04-15 21:10:28 | INFO | pocket_attorney_rag | Logger initialized
2026-04-15 21:10:28 | INFO | pocket_attorney_rag | Pocket Attorney System API starting
2026-04-15 21:10:28 | INFO | pocket_attorney_rag | Pocket Attorney RAG System API is running
2026-04-15 21:10:28 | INFO | pocket_attorney_rag | Initializing necessary things
2026-04-15 21:11:38 | INFO | pocket_attorney_rag | Pocket Attorney RAG System API is shutting down
2026-04-15 21:11:38 | INFO | pocket_attorney_rag | Clean up complete. Uptime: 70.84s
2026-04-15 21:11:43 | INFO | pocket_attorney_rag | Logger initialized
2026-04-15 21:11:43 | INFO | pocket_attorney_rag | Pocket Attorney System API starting
2026-04-15 21:11:43 | INFO | pocket_attorney_rag | Pocket Attorney RAG System API is running
2026-04-15 21:11:43 | INFO | pocket_attorney_rag | Initializing necessary things
2026-04-15 21:11:50 | INFO | pocket_attorney_rag | Upload file constitution.pdf
2026-04-15 21:15:42 | INFO | pocket_attorney_rag | Pocket Attorney RAG System API is shutting down
2026-04-15 21:15:42 | INFO | pocket_attorney_rag | Clean up complete. Uptime: 238.46s
2026-04-15 21:15:47 | INFO | pocket_attorney_rag | Logger initialized
2026-04-15 21:15:47 | INFO | pocket_attorney_rag | Pocket Attorney System API starting
2026-04-15 21:15:47 | INFO | pocket_attorney_rag | Pocket Attorney RAG System API is running
2026-04-15 21:15:47 | INFO | pocket_attorney_rag | Initializing necessary things
2026-04-15 21:16:25 | INFO | pocket_attorney_rag | Pocket Attorney RAG System API is shutting down
2026-04-15 21:16:25 | INFO | pocket_attorney_rag | Clean up complete. Uptime: 38.60s
2026-04-15 21:16:30 | INFO | pocket_attorney_rag | Logger initialized
2026-04-15 21:16:30 | INFO | pocket_attorney_rag | Pocket Attorney System API starting
2026-04-15 21:16:30 | INFO | pocket_attorney_rag | Pocket Attorney RAG System API is running
2026-04-15 21:16:30 | INFO | pocket_attorney_rag | Initializing necessary things
2026-04-15 21:17:46 | INFO | pocket_attorney_rag | Pocket Attorney RAG System API is shutting down
2026-04-15 21:17:46 | INFO | pocket_attorney_rag | Clean up complete. Uptime: 75.59s
2026-04-15 21:17:50 | INFO | pocket_attorney_rag | Logger initialized
2026-04-15 21:17:50 | INFO | pocket_attorney_rag | Pocket Attorney System API starting
2026-04-15 21:17:50 | INFO | pocket_attorney_rag | Pocket Attorney RAG System API is running
2026-04-15 21:17:50 | INFO | pocket_attorney_rag | Initializing necessary things
2026-04-16 21:29:52 | INFO | pocket_attorney_rag | Pocket Attorney RAG System API is shutting down
2026-04-16 21:29:52 | INFO | pocket_attorney_rag | Clean up complete. Uptime: 87121.74s
