{"level": "INFO", "message": "Logger initialized", "logger": "pocket_attorney_rag", "time": "2026-04-16 21:40:27,883"}
{"level": "INFO", "message": "Pocket Attorney System API starting", "logger": "pocket_attorney_rag", "time": "2026-04-16 21:40:27,884"}
{"level": "INFO", "message": "Pocket Attorney RAG System API is running", "logger": "pocket_attorney_rag", "time": "2026-04-16 21:40:27,884"}
{"level": "INFO", "message": "Initializing necessary things", "logger": "pocket_attorney_rag", "time": "2026-04-16 21:40:27,884"}
{"level": "INFO", "message": "Pocket Attorney RAG System API is shutting down", "logger": "pocket_attorney_rag", "time": "2026-04-16 21:42:28,102"}
{"level": "INFO", "message": "Clean up complete. Uptime: 120.22s", "logger": "pocket_attorney_rag", "time": "2026-04-16 21:42:28,103"}
{"level": "INFO", "message": "Logger initialized", "logger": "pocket_attorney_rag", "time": "2026-04-16 21:42:34,921"}
{"level": "INFO", "message": "Pocket Attorney System API starting", "logger": "pocket_attorney_rag", "time": "2026-04-16 21:42:34,923"}
{"level": "INFO", "message": "Pocket Attorney RAG System API is running", "logger": "pocket_attorney_rag", "time": "2026-04-16 21:42:34,923"}
{"level": "INFO", "message": "Initializing necessary things", "logger": "pocket_attorney_rag", "time": "2026-04-16 21:42:34,923"}
{"level": "INFO", "message": "Pocket Attorney RAG System API is shutting down", "logger": "pocket_attorney_rag", "time": "2026-04-16 21:45:35,358"}
{"level": "INFO", "message": "Clean up complete. Uptime: 180.44s", "logger": "pocket_attorney_rag", "time": "2026-04-16 21:45:35,359"}
{"level": "INFO", "message": "Logger initialized", "logger": "pocket_attorney_rag", "time": "2026-04-16 21:47:50,692"}
{"level": "INFO", "message": "Pocket Attorney System API starting", "logger": "pocket_attorney_rag", "time": "2026-04-16 21:47:50,696"}
{"level": "INFO", "message": "Pocket Attorney RAG System API is running", "logger": "pocket_attorney_rag", "time": "2026-04-16 21:47:50,696"}
{"level": "INFO", "message": "Initializing necessary things", "logger": "pocket_attorney_rag", "time": "2026-04-16 21:47:50,696"}
{"level": "INFO", "message": "redis_client initialized successfully", "logger": "pocket_attorney_rag", "time": "2026-04-16 21:47:50,697"}
{"level": "INFO", "message": "Pocket Attorney RAG System API is shutting down", "logger": "pocket_attorney_rag", "time": "2026-04-16 21:48:04,513"}
{"level": "INFO", "message": "Clean up complete. Uptime: 13.82s", "logger": "pocket_attorney_rag", "time": "2026-04-16 21:48:04,513"}
{"level": "INFO", "message": "Logger initialized", "logger": "pocket_attorney_rag", "time": "2026-04-16 21:48:09,522"}
{"level": "INFO", "message": "Pocket Attorney System API starting", "logger": "pocket_attorney_rag", "time": "2026-04-16 21:48:09,524"}
{"level": "INFO", "message": "Pocket Attorney RAG System API is running", "logger": "pocket_attorney_rag", "time": "2026-04-16 21:48:09,524"}
{"level": "INFO", "message": "Initializing necessary things", "logger": "pocket_attorney_rag", "time": "2026-04-16 21:48:09,524"}
{"level": "INFO", "message": "redis_client initialized successfully", "logger": "pocket_attorney_rag", "time": "2026-04-16 21:48:09,524"}
{"level": "INFO", "message": "Pocket Attorney RAG System API is shutting down", "logger": "pocket_attorney_rag", "time": "2026-04-16 21:49:58,126"}
{"level": "INFO", "message": "Clean up complete. Uptime: 108.60s", "logger": "pocket_attorney_rag", "time": "2026-04-16 21:49:58,127"}
{"level": "INFO", "message": "Logger initialized", "logger": "pocket_attorney_rag", "time": "2026-04-16 21:50:03,414"}
{"level": "INFO", "message": "Pocket Attorney System API starting", "logger": "pocket_attorney_rag", "time": "2026-04-16 21:50:03,416"}
{"level": "INFO", "message": "Pocket Attorney RAG System API is running", "logger": "pocket_attorney_rag", "time": "2026-04-16 21:50:03,416"}
{"level": "INFO", "message": "Initializing necessary things", "logger": "pocket_attorney_rag", "time": "2026-04-16 21:50:03,416"}
{"level": "INFO", "message": "redis_client initialized successfully", "logger": "pocket_attorney_rag", "time": "2026-04-16 21:50:03,416"}
{"level": "INFO", "message": "Pocket Attorney RAG System API is shutting down", "logger": "pocket_attorney_rag", "time": "2026-04-16 22:07:39,094"}
{"level": "INFO", "message": "Clean up complete. Uptime: 1055.68s", "logger": "pocket_attorney_rag", "time": "2026-04-16 22:07:39,095"}
{"level": "INFO", "message": "Logger initialized", "logger": "pocket_attorney_rag", "time": "2026-04-16 22:07:45,368"}
{"level": "INFO", "message": "Pocket Attorney System API starting", "logger": "pocket_attorney_rag", "time": "2026-04-16 22:07:45,370"}
{"level": "INFO", "message": "Pocket Attorney RAG System API is running", "logger": "pocket_attorney_rag", "time": "2026-04-16 22:07:45,370"}
{"level": "INFO", "message": "Initializing necessary things", "logger": "pocket_attorney_rag", "time": "2026-04-16 22:07:45,370"}
{"level": "INFO", "message": "redis_client initialized successfully", "logger": "pocket_attorney_rag", "time": "2026-04-16 22:07:45,371"}
{"level": "INFO", "message": "Pocket Attorney RAG System API is shutting down", "logger": "pocket_attorney_rag", "time": "2026-04-16 22:15:53,963"}
{"level": "INFO", "message": "Clean up complete. Uptime: 488.59s", "logger": "pocket_attorney_rag", "time": "2026-04-16 22:15:53,964"}
{"level": "INFO", "message": "Logger initialized", "logger": "pocket_attorney_rag", "time": "2026-04-16 22:16:00,215"}
{"level": "INFO", "message": "Pocket Attorney System API starting", "logger": "pocket_attorney_rag", "time": "2026-04-16 22:16:00,217"}
{"level": "INFO", "message": "Pocket Attorney RAG System API is running", "logger": "pocket_attorney_rag", "time": "2026-04-16 22:16:00,217"}
{"level": "INFO", "message": "Initializing necessary things", "logger": "pocket_attorney_rag", "time": "2026-04-16 22:16:00,217"}
{"level": "INFO", "message": "redis_client initialized successfully", "logger": "pocket_attorney_rag", "time": "2026-04-16 22:16:00,217"}
{"level": "INFO", "message": "Pocket Attorney RAG System API is shutting down", "logger": "pocket_attorney_rag", "time": "2026-04-16 22:17:54,637"}
{"level": "INFO", "message": "Clean up complete. Uptime: 114.42s", "logger": "pocket_attorney_rag", "time": "2026-04-16 22:17:54,638"}
{"level": "INFO", "message": "Logger initialized", "logger": "pocket_attorney_rag", "time": "2026-04-16 22:18:00,974"}
{"level": "INFO", "message": "Pocket Attorney System API starting", "logger": "pocket_attorney_rag", "time": "2026-04-16 22:18:00,976"}
{"level": "INFO", "message": "Pocket Attorney RAG System API is running", "logger": "pocket_attorney_rag", "time": "2026-04-16 22:18:00,976"}
{"level": "INFO", "message": "Initializing necessary things", "logger": "pocket_attorney_rag", "time": "2026-04-16 22:18:00,976"}
{"level": "INFO", "message": "redis_client initialized successfully", "logger": "pocket_attorney_rag", "time": "2026-04-16 22:18:00,977"}
{"level": "INFO", "message": "Pocket Attorney RAG System API is shutting down", "logger": "pocket_attorney_rag", "time": "2026-04-16 22:35:04,438"}
{"level": "INFO", "message": "Clean up complete. Uptime: 1023.49s", "logger": "pocket_attorney_rag", "time": "2026-04-16 22:35:04,466"}
